
=== Fri Dec 20 14:42:28 2024

Packages were changed.
Update Mode: mergeDefaultDependencies

The following packages were 追加済:
  com.unity.modules.ai@1.0.0
  com.unity.modules.androidjni@1.0.0
  com.unity.modules.animation@1.0.0
  com.unity.modules.assetbundle@1.0.0
  com.unity.modules.audio@1.0.0
  com.unity.modules.cloth@1.0.0
  com.unity.modules.director@1.0.0
  com.unity.modules.imageconversion@1.0.0
  com.unity.modules.imgui@1.0.0
  com.unity.modules.jsonserialize@1.0.0
  com.unity.modules.particlesystem@1.0.0
  com.unity.modules.physics@1.0.0
  com.unity.modules.physics2d@1.0.0
  com.unity.modules.screencapture@1.0.0
  com.unity.modules.terrain@1.0.0
  com.unity.modules.terrainphysics@1.0.0
  com.unity.modules.tilemap@1.0.0
  com.unity.modules.ui@1.0.0
  com.unity.modules.uielements@1.0.0
  com.unity.modules.umbra@1.0.0
  com.unity.modules.unityanalytics@1.0.0
  com.unity.modules.unitywebrequest@1.0.0
  com.unity.modules.unitywebrequestassetbundle@1.0.0
  com.unity.modules.unitywebrequestaudio@1.0.0
  com.unity.modules.unitywebrequesttexture@1.0.0
  com.unity.modules.unitywebrequestwww@1.0.0
  com.unity.modules.vehicles@1.0.0
  com.unity.modules.video@1.0.0
  com.unity.modules.vr@1.0.0
  com.unity.modules.wind@1.0.0
  com.unity.modules.xr@1.0.0
The following packages were 更新済:
  com.unity.collab-proxy をバージョン 2.0.0 から 2.6.0 へ
  com.unity.feature.2d をバージョン 1.0.0 から 2.0.1 へ
  com.unity.ide.rider をバージョン 3.0.18 から 3.0.34 へ
  com.unity.ide.visualstudio をバージョン 2.0.17 から 2.0.22 へ
  com.unity.textmeshpro をバージョン 3.0.6 から 3.0.7 へ
  com.unity.timeline をバージョン 1.7.3 から 1.7.6 へ
  com.unity.visualscripting をバージョン 1.8.0 から 1.9.4 へ

=== Fri Dec 20 14:46:43 2024

Packages were changed.
Update Mode: updateDependencies

The following packages were 更新済:
  com.unity.collab-proxy をバージョン 1.2.16 から 2.6.0 へ
  com.unity.ide.rider をバージョン 1.1.4 から 3.0.34 へ
  com.unity.ide.vscode をバージョン 1.2.3 から 1.2.5 へ
  com.unity.test-framework をバージョン 1.1.20 から 1.1.33 へ
  com.unity.textmeshpro をバージョン 2.1.1 から 3.0.7 へ
  com.unity.timeline をバージョン 1.2.17 から 1.7.6 へ

=== Fri Dec 20 14:46:43 2024

Packages were changed.
Update Mode: mergeDefaultDependencies

The following packages were 追加済:
  com.unity.2d.sprite@1.0.0
  com.unity.ide.vscode@1.2.5

=== Fri Dec 20 16:37:04 2024

Packages were changed.
Update Mode: updateDependencies

The following packages were 更新済:
  com.unity.2d.animation をバージョン 3.2.11 から 9.1.3 へ
  com.unity.2d.pixel-perfect をバージョン 2.1.0 から 5.0.3 へ
  com.unity.2d.psdimporter をバージョン 2.1.8 から 8.0.5 へ
  com.unity.2d.spriteshape をバージョン 3.0.17 から 9.0.5 へ
  com.unity.collab-proxy をバージョン 1.10.2 から 2.6.0 へ
  com.unity.ide.rider をバージョン 1.2.1 から 3.0.34 へ
  com.unity.ide.visualstudio をバージョン 2.0.11 から 2.0.22 へ
  com.unity.ide.vscode をバージョン 1.2.4 から 1.2.5 へ
  com.unity.postprocessing をバージョン 3.1.1 から 3.4.0 へ
  com.unity.test-framework をバージョン 1.1.29 から 1.1.33 へ
  com.unity.textmeshpro をバージョン 2.1.6 から 3.0.7 へ
  com.unity.timeline をバージョン 1.2.18 から 1.7.6 へ

=== Fri Dec 20 16:37:04 2024

Packages were changed.
Update Mode: mergeDefaultDependencies

The following packages were 追加済:
  com.unity.2d.animation@9.1.3
  com.unity.2d.pixel-perfect@5.0.3
  com.unity.2d.psdimporter@8.0.5
  com.unity.2d.spriteshape@9.0.5
  com.unity.2d.tilemap@1.0.0
  com.unity.package-validation-suite@0.23.4-preview
  com.unity.postprocessing@3.4.0
